14:38:18 INFO  : Processing command line option -hwspec C:/Users/Wangsir/Documents/SOC/xup/lab5part2_wyh/lab5part2_wyh.sdk/system_wrapper.hdf.
14:38:35 INFO  : Launching XSDB server: xsdb.bat -s C:/Xilinx/SDK/2014.4/scripts/xsdb/xsdb/xsdb-server.tcl 2450
14:46:25 INFO  : Processing command line option -hwspec C:/Users/Wangsir/Documents/SOC/xup/lab5part2_wyh/lab5part2_wyh.sdk/system_wrapper.hdf.
14:46:26 WARN  : Unable to obtain port 2450 for use by XSDB Server, java.net.SocketException: Unrecognized Windows Sockets error: 0: JVM_Bind
14:46:27 INFO  : Checking for hwspec changes in the project system_wrapper_hw_platform_0.
14:46:27 INFO  : Launching XSDB server: xsdb.bat -s C:/Xilinx/SDK/2014.4/scripts/xsdb/xsdb/xsdb-server.tcl 2457
14:49:27 INFO  : FPGA configured successfully with bitstream "C:/Users/Wangsir/Documents/SOC/xup/lab5part2_wyh/lab5part2_wyh.sdk/system_wrapper_hw_platform_0/system_wrapper.bit"
14:50:24 INFO  : ps7_init is completed.
14:50:25 INFO  : ps7_post_config is completed.
14:50:25 INFO  : Processor reset is completed for ps7_cortexa9_0
14:51:14 INFO  : Inferring section assignments and sizes from elf file: C:\Users\Wangsir\Documents\SOC\xup\lab5part2_wyh\lab5part2_wyh.sdk\lab5part2\Debug\lab5part2.elf
14:52:00 INFO  : Successfully generated C:\Users\Wangsir\Documents\SOC\xup\lab5part2_wyh\lab5part2_wyh.sdk\lab5part2\src\lscript.ld.
14:52:00 INFO  : Applying linker script to all configurations of project lab5part2.
14:52:00 INFO  : Setting rebuild state to true for all configurations of project lab5part2.
14:53:15 INFO  : ps7_cortexa9_0 Processor is in use. Please stop existing Run or Debug sessions before launching.
14:53:20 INFO  : Processor reset is completed for ps7_cortexa9_0
16:00:39 ERROR : Unexpected error while parsing XMD response ?: com.google.gson.JsonSyntaxException: com.google.gson.stream.MalformedJsonException: invalid number or unquoted string near 
07:49:30 INFO  : Processing command line option -hwspec C:/Users/Wangsir/Documents/SOC/xup/lab5part2_wyh/lab5part2_wyh.sdk/system_wrapper.hdf.
07:49:31 WARN  : Unable to obtain port 2450 for use by XSDB Server, java.net.SocketException: Unrecognized Windows Sockets error: 0: JVM_Bind
07:49:32 INFO  : Checking for hwspec changes in the project system_wrapper_hw_platform_0.
07:49:32 INFO  : Launching XSDB server: xsdb.bat -s C:/Xilinx/SDK/2014.4/scripts/xsdb/xsdb/xsdb-server.tcl 2457
07:50:56 INFO  : FPGA configured successfully with bitstream "C:/Users/Wangsir/Documents/SOC/xup/lab5part2_wyh/lab5part2_wyh.sdk/system_wrapper_hw_platform_0/system_wrapper.bit"
07:51:15 INFO  : ps7_init is completed.
07:51:15 INFO  : ps7_post_config is completed.
07:51:15 INFO  : Processor reset is completed for ps7_cortexa9_0
09:04:15 INFO  : Inferring section assignments and sizes from elf file: C:\Users\Wangsir\Documents\SOC\xup\lab5part2_wyh\lab5part2_wyh.sdk\lab5part2\Debug\lab5part2.elf
09:57:21 INFO  : Processing command line option -hwspec C:/Users/Wangsir/Documents/SOC/xup/lab6SoC/lab6SoC.sdk/system_wrapper.hdf.
09:57:23 WARN  : Unable to obtain port 2450 for use by XSDB Server, java.net.SocketException: Unrecognized Windows Sockets error: 0: JVM_Bind
09:57:24 INFO  : Launching XSDB server: xsdb.bat -s C:/Xilinx/SDK/2014.4/scripts/xsdb/xsdb/xsdb-server.tcl 2457
09:58:29 WARN  :  [Hsi 55-1559] Software Design already exists with Name C:\Users\Wangsir\Documents\SOC\xup\lab5part2_wyh\lab5part2_wyh.sdk\lab5part2_bsp\system.mss
09:58:29 WARN  :  [Hsi 55-1559] Software Design already exists with Name C:\Users\Wangsir\Documents\SOC\xup\lab5part2_wyh\lab5part2_wyh.sdk\lab5part2_bsp\system.mss
09:58:29 WARN  :  [Hsi 55-1559] Software Design already exists with Name C:\Users\Wangsir\Documents\SOC\xup\lab5part2_wyh\lab5part2_wyh.sdk\lab5part2_bsp\system.mss
 [Hsi 55-1559] Software Design already exists with Name C:\Users\Wangsir\Documents\SOC\xup\lab5part2_wyh\lab5part2_wyh.sdk\lab5part2_bsp\system.mss
09:58:52 WARN  :  [Hsi 55-1559] Software Design already exists with Name C:\Users\Wangsir\Documents\SOC\xup\lab5part2_wyh\lab5part2_wyh.sdk\lab5part2_bsp\system.mss
09:58:52 WARN  :  [Hsi 55-1559] Software Design already exists with Name C:\Users\Wangsir\Documents\SOC\xup\lab5part2_wyh\lab5part2_wyh.sdk\lab5part2_bsp\system.mss
09:58:52 WARN  :  [Hsi 55-1559] Software Design already exists with Name C:\Users\Wangsir\Documents\SOC\xup\lab5part2_wyh\lab5part2_wyh.sdk\lab5part2_bsp\system.mss
09:58:52 WARN  :  [Hsi 55-1559] Software Design already exists with Name C:\Users\Wangsir\Documents\SOC\xup\lab5part2_wyh\lab5part2_wyh.sdk\lab5part2_bsp\system.mss
 [Hsi 55-1559] Software Design already exists with Name C:\Users\Wangsir\Documents\SOC\xup\lab5part2_wyh\lab5part2_wyh.sdk\lab5part2_bsp\system.mss
10:00:28 INFO  : Processing command line option -hwspec C:/Users/Wangsir/Documents/SOC/xup/lab6SoC/lab6SoC.sdk/system_wrapper.hdf.
10:00:32 WARN  : Unable to obtain port 2450 for use by XSDB Server, java.net.SocketException: Unrecognized Windows Sockets error: 0: JVM_Bind
10:00:32 INFO  : Checking for hwspec changes in the project system_wrapper_hw_platform_1.
10:00:33 INFO  : Launching XSDB server: xsdb.bat -s C:/Xilinx/SDK/2014.4/scripts/xsdb/xsdb/xsdb-server.tcl 2457
10:00:44 ERROR : Unexpected error while obtaining referenced S/W project {}
org.eclipse.core.internal.resources.ResourceException: Resource '/lab5part2_bsp' is not open.
	at org.eclipse.core.internal.resources.Project.checkAccessible(Project.java:150)
	at org.eclipse.core.internal.resources.Project.hasNature(Project.java:584)
	at com.xilinx.sdk.sw.SwProjectUtils.getReferencedSwProject(SwProjectUtils.java:248)
	at com.xilinx.sdk.tools.internal.CProjectPropertyTester.test(CProjectPropertyTester.java:31)
	at org.eclipse.core.internal.expressions.Property.test(Property.java:58)
	at org.eclipse.core.internal.expressions.TestExpression.evaluate(TestExpression.java:99)
	at org.eclipse.core.internal.expressions.CompositeExpression.evaluateAnd(CompositeExpression.java:53)
	at org.eclipse.core.internal.expressions.IterateExpression.evaluate(IterateExpression.java:189)
	at org.eclipse.core.internal.expressions.CompositeExpression.evaluateAnd(CompositeExpression.java:53)
	at org.eclipse.core.internal.expressions.WithExpression.evaluate(WithExpression.java:72)
	at org.eclipse.e4.ui.internal.workbench.ContributionsAnalyzer.isVisible(ContributionsAnalyzer.java:247)
	at org.eclipse.e4.ui.workbench.renderers.swt.ContributionRecord.computeVisibility(ContributionRecord.java:166)
	at org.eclipse.e4.ui.workbench.renderers.swt.ContributionRecord.updateVisibility(ContributionRecord.java:96)
	at org.eclipse.e4.ui.workbench.renderers.swt.MenuManagerRendererFilter.updateElementVisibility(MenuManagerRendererFilter.java:185)
	at org.eclipse.e4.ui.workbench.renderers.swt.MenuManagerShowProcessor.showMenu(MenuManagerShowProcessor.java:258)
	at org.eclipse.e4.ui.workbench.renderers.swt.MenuManagerShowProcessor.menuAboutToHide(MenuManagerShowProcessor.java:125)
	at org.eclipse.jface.internal.MenuManagerEventHelper.showEventPostHelper(MenuManagerEventHelper.java:54)
	at org.eclipse.jface.action.MenuManager.handleAboutToShow(MenuManager.java:476)
	at org.eclipse.jface.action.MenuManager.access$1(MenuManager.java:470)
	at org.eclipse.jface.action.MenuManager$2.menuShown(MenuManager.java:500)
	at org.eclipse.swt.widgets.TypedListener.handleEvent(TypedListener.java:255)
	at org.eclipse.swt.widgets.EventTable.sendEvent(EventTable.java:84)
	at org.eclipse.swt.widgets.Widget.sendEvent(Widget.java:1057)
	at org.eclipse.swt.widgets.Widget.sendEvent(Widget.java:1081)
	at org.eclipse.swt.widgets.Widget.sendEvent(Widget.java:1062)
	at org.eclipse.swt.widgets.Control.WM_INITMENUPOPUP(Control.java:4964)
	at org.eclipse.swt.widgets.Control.windowProc(Control.java:4640)
	at org.eclipse.swt.widgets.Canvas.windowProc(Canvas.java:340)
	at org.eclipse.swt.widgets.Decorations.windowProc(Decorations.java:1627)
	at org.eclipse.swt.widgets.Shell.windowProc(Shell.java:2075)
	at org.eclipse.swt.widgets.Display.windowProc(Display.java:4977)
	at org.eclipse.swt.internal.win32.OS.TrackPopupMenu(Native Method)
	at org.eclipse.swt.widgets.Menu._setVisible(Menu.java:257)
	at org.eclipse.swt.widgets.Display.runPopups(Display.java:4211)
	at org.eclipse.swt.widgets.Display.readAndDispatch(Display.java:3753)
	at org.eclipse.e4.ui.internal.workbench.swt.PartRenderingEngine$9.run(PartRenderingEngine.java:1113)
	at org.eclipse.core.databinding.observable.Realm.runWithDefault(Realm.java:332)
	at org.eclipse.e4.ui.internal.workbench.swt.PartRenderingEngine.run(PartRenderingEngine.java:997)
	at org.eclipse.e4.ui.internal.workbench.E4Workbench.createAndRunUI(E4Workbench.java:140)
	at org.eclipse.ui.internal.Workbench$5.run(Workbench.java:611)
	at org.eclipse.core.databinding.observable.Realm.runWithDefault(Realm.java:332)
	at org.eclipse.ui.internal.Workbench.createAndRunWorkbench(Workbench.java:567)
	at org.eclipse.ui.PlatformUI.createAndRunWorkbench(PlatformUI.java:150)
	at org.eclipse.ui.internal.ide.application.IDEApplication.start(IDEApplication.java:124)
	at org.eclipse.equinox.internal.app.EclipseAppHandle.run(EclipseAppHandle.java:196)
	at org.eclipse.core.runtime.internal.adaptor.EclipseAppLauncher.runApplication(EclipseAppLauncher.java:110)
	at org.eclipse.core.runtime.internal.adaptor.EclipseAppLauncher.start(EclipseAppLauncher.java:79)
	at org.eclipse.core.runtime.adaptor.EclipseStarter.run(EclipseStarter.java:354)
	at org.eclipse.core.runtime.adaptor.EclipseStarter.run(EclipseStarter.java:181)
	at sun.reflect.NativeMethodAccessorImpl.invoke0(Native Method)
	at sun.reflect.NativeMethodAccessorImpl.invoke(Unknown Source)
	at sun.reflect.DelegatingMethodAccessorImpl.invoke(Unknown Source)
	at java.lang.reflect.Method.invoke(Unknown Source)
	at org.eclipse.equinox.launcher.Main.invokeFramework(Main.java:636)
	at org.eclipse.equinox.launcher.Main.basicRun(Main.java:591)
	at org.eclipse.equinox.launcher.Main.run(Main.java:1450)
10:00:44 ERROR : Unexpected error while obtaining referenced S/W project {}
org.eclipse.core.internal.resources.ResourceException: Resource '/lab5part2_bsp' is not open.
	at org.eclipse.core.internal.resources.Project.checkAccessible(Project.java:150)
	at org.eclipse.core.internal.resources.Project.hasNature(Project.java:584)
	at com.xilinx.sdk.sw.SwProjectUtils.getReferencedSwProject(SwProjectUtils.java:248)
	at com.xilinx.sdk.tools.internal.CProjectPropertyTester.test(CProjectPropertyTester.java:31)
	at org.eclipse.core.internal.expressions.Property.test(Property.java:58)
	at org.eclipse.core.internal.expressions.TestExpression.evaluate(TestExpression.java:99)
	at org.eclipse.core.internal.expressions.CompositeExpression.evaluateAnd(CompositeExpression.java:53)
	at org.eclipse.core.internal.expressions.IterateExpression.evaluate(IterateExpression.java:189)
	at org.eclipse.core.internal.expressions.CompositeExpression.evaluateAnd(CompositeExpression.java:53)
	at org.eclipse.core.internal.expressions.WithExpression.evaluate(WithExpression.java:72)
	at org.eclipse.e4.ui.internal.workbench.ContributionsAnalyzer.isVisible(ContributionsAnalyzer.java:247)
	at org.eclipse.e4.ui.workbench.renderers.swt.ContributionRecord.computeVisibility(ContributionRecord.java:166)
	at org.eclipse.e4.ui.workbench.renderers.swt.ContributionRecord.updateVisibility(ContributionRecord.java:96)
	at org.eclipse.e4.ui.workbench.renderers.swt.MenuManagerRendererFilter.updateElementVisibility(MenuManagerRendererFilter.java:185)
	at org.eclipse.e4.ui.workbench.renderers.swt.MenuManagerShowProcessor.showMenu(MenuManagerShowProcessor.java:258)
	at org.eclipse.e4.ui.workbench.renderers.swt.MenuManagerShowProcessor.menuAboutToHide(MenuManagerShowProcessor.java:125)
	at org.eclipse.jface.internal.MenuManagerEventHelper.showEventPostHelper(MenuManagerEventHelper.java:54)
	at org.eclipse.jface.action.MenuManager.handleAboutToShow(MenuManager.java:476)
	at org.eclipse.jface.action.MenuManager.access$1(MenuManager.java:470)
	at org.eclipse.jface.action.MenuManager$2.menuShown(MenuManager.java:500)
	at org.eclipse.swt.widgets.TypedListener.handleEvent(TypedListener.java:255)
	at org.eclipse.swt.widgets.EventTable.sendEvent(EventTable.java:84)
	at org.eclipse.swt.widgets.Widget.sendEvent(Widget.java:1057)
	at org.eclipse.swt.widgets.Widget.sendEvent(Widget.java:1081)
	at org.eclipse.swt.widgets.Widget.sendEvent(Widget.java:1062)
	at org.eclipse.swt.widgets.Control.WM_INITMENUPOPUP(Control.java:4964)
	at org.eclipse.swt.widgets.Control.windowProc(Control.java:4640)
	at org.eclipse.swt.widgets.Canvas.windowProc(Canvas.java:340)
	at org.eclipse.swt.widgets.Decorations.windowProc(Decorations.java:1627)
	at org.eclipse.swt.widgets.Shell.windowProc(Shell.java:2075)
	at org.eclipse.swt.widgets.Display.windowProc(Display.java:4977)
	at org.eclipse.swt.internal.win32.OS.TrackPopupMenu(Native Method)
	at org.eclipse.swt.widgets.Menu._setVisible(Menu.java:257)
	at org.eclipse.swt.widgets.Display.runPopups(Display.java:4211)
	at org.eclipse.swt.widgets.Display.readAndDispatch(Display.java:3753)
	at org.eclipse.e4.ui.internal.workbench.swt.PartRenderingEngine$9.run(PartRenderingEngine.java:1113)
	at org.eclipse.core.databinding.observable.Realm.runWithDefault(Realm.java:332)
	at org.eclipse.e4.ui.internal.workbench.swt.PartRenderingEngine.run(PartRenderingEngine.java:997)
	at org.eclipse.e4.ui.internal.workbench.E4Workbench.createAndRunUI(E4Workbench.java:140)
	at org.eclipse.ui.internal.Workbench$5.run(Workbench.java:611)
	at org.eclipse.core.databinding.observable.Realm.runWithDefault(Realm.java:332)
	at org.eclipse.ui.internal.Workbench.createAndRunWorkbench(Workbench.java:567)
	at org.eclipse.ui.PlatformUI.createAndRunWorkbench(PlatformUI.java:150)
	at org.eclipse.ui.internal.ide.application.IDEApplication.start(IDEApplication.java:124)
	at org.eclipse.equinox.internal.app.EclipseAppHandle.run(EclipseAppHandle.java:196)
	at org.eclipse.core.runtime.internal.adaptor.EclipseAppLauncher.runApplication(EclipseAppLauncher.java:110)
	at org.eclipse.core.runtime.internal.adaptor.EclipseAppLauncher.start(EclipseAppLauncher.java:79)
	at org.eclipse.core.runtime.adaptor.EclipseStarter.run(EclipseStarter.java:354)
	at org.eclipse.core.runtime.adaptor.EclipseStarter.run(EclipseStarter.java:181)
	at sun.reflect.NativeMethodAccessorImpl.invoke0(Native Method)
	at sun.reflect.NativeMethodAccessorImpl.invoke(Unknown Source)
	at sun.reflect.DelegatingMethodAccessorImpl.invoke(Unknown Source)
	at java.lang.reflect.Method.invoke(Unknown Source)
	at org.eclipse.equinox.launcher.Main.invokeFramework(Main.java:636)
	at org.eclipse.equinox.launcher.Main.basicRun(Main.java:591)
	at org.eclipse.equinox.launcher.Main.run(Main.java:1450)
10:02:28 INFO  : Project lab6SoC_bsp was a BSP project. Please update references.
10:02:28 ERROR : SDK has detected that project lab6SoC_bsp has been deleted (or renamed).
If this project was a BSP referenced by other C/C++ applications, then those applications will fail to build now. Please right click on those applications and click 'Change Referenced BSP' to update those projects' BSP references.
10:02:32 ERROR : Unexpected exception while retrieving referenced projects for lab6SoC_bsp.
org.eclipse.core.internal.resources.ResourceException: Resource '/lab6SoC_bsp' does not exist.
	at org.eclipse.core.internal.resources.Resource.checkExists(Resource.java:341)
	at org.eclipse.core.internal.resources.Resource.checkAccessible(Resource.java:215)
	at org.eclipse.core.internal.resources.Project.checkAccessible(Project.java:147)
	at org.eclipse.core.internal.resources.Project.getReferencedProjects(Project.java:521)
	at com.xilinx.sdk.sw.internal.BSPImporter.referencedHwProjectExists(BSPImporter.java:169)
	at com.xilinx.sdk.sw.internal.BSPImporter.access$0(BSPImporter.java:166)
	at com.xilinx.sdk.sw.internal.BSPImporter$SwReposUpdateJob.runInUIThread(BSPImporter.java:136)
	at org.eclipse.ui.progress.UIJob$1.run(UIJob.java:95)
	at org.eclipse.swt.widgets.RunnableLock.run(RunnableLock.java:35)
	at org.eclipse.swt.widgets.Synchronizer.runAsyncMessages(Synchronizer.java:135)
	at org.eclipse.swt.widgets.Display.runAsyncMessages(Display.java:4145)
	at org.eclipse.swt.widgets.Display.readAndDispatch(Display.java:3762)
	at org.eclipse.e4.ui.internal.workbench.swt.PartRenderingEngine$9.run(PartRenderingEngine.java:1113)
	at org.eclipse.core.databinding.observable.Realm.runWithDefault(Realm.java:332)
	at org.eclipse.e4.ui.internal.workbench.swt.PartRenderingEngine.run(PartRenderingEngine.java:997)
	at org.eclipse.e4.ui.internal.workbench.E4Workbench.createAndRunUI(E4Workbench.java:140)
	at org.eclipse.ui.internal.Workbench$5.run(Workbench.java:611)
	at org.eclipse.core.databinding.observable.Realm.runWithDefault(Realm.java:332)
	at org.eclipse.ui.internal.Workbench.createAndRunWorkbench(Workbench.java:567)
	at org.eclipse.ui.PlatformUI.createAndRunWorkbench(PlatformUI.java:150)
	at org.eclipse.ui.internal.ide.application.IDEApplication.start(IDEApplication.java:124)
	at org.eclipse.equinox.internal.app.EclipseAppHandle.run(EclipseAppHandle.java:196)
	at org.eclipse.core.runtime.internal.adaptor.EclipseAppLauncher.runApplication(EclipseAppLauncher.java:110)
	at org.eclipse.core.runtime.internal.adaptor.EclipseAppLauncher.start(EclipseAppLauncher.java:79)
	at org.eclipse.core.runtime.adaptor.EclipseStarter.run(EclipseStarter.java:354)
	at org.eclipse.core.runtime.adaptor.EclipseStarter.run(EclipseStarter.java:181)
	at sun.reflect.NativeMethodAccessorImpl.invoke0(Native Method)
	at sun.reflect.NativeMethodAccessorImpl.invoke(Unknown Source)
	at sun.reflect.DelegatingMethodAccessorImpl.invoke(Unknown Source)
	at java.lang.reflect.Method.invoke(Unknown Source)
	at org.eclipse.equinox.launcher.Main.invokeFramework(Main.java:636)
	at org.eclipse.equinox.launcher.Main.basicRun(Main.java:591)
	at org.eclipse.equinox.launcher.Main.run(Main.java:1450)
10:02:32 ERROR : The Hardware Project referenced by this BSP (lab6SoC_bsp) was not found in this workspace. As a result, this BSP will not build properly. To fix this error, please import the associated hardware project or recreate a new BSP targeting an existing hardware platform.
10:10:21 INFO  : FPGA configured successfully with bitstream "C:/Users/Wangsir/Documents/SOC/xup/lab6SoC/lab6SoC.sdk/system_wrapper_hw_platform_0/system_wrapper.bit"
10:11:08 INFO  : ps7_init is completed.
10:11:08 INFO  : ps7_post_config is completed.
10:11:09 INFO  : Processor reset is completed for ps7_cortexa9_0
10:16:24 INFO  : Processor reset is completed for ps7_cortexa9_0
10:17:12 INFO  : Processor reset is completed for ps7_cortexa9_0
10:20:16 INFO  : ps7_cortexa9_0 Processor is in use. Please stop existing Run or Debug sessions before launching.
10:20:21 INFO  : Processor reset is completed for ps7_cortexa9_0
10:25:16 INFO  : ps7_cortexa9_0 Processor is in use. Please stop existing Run or Debug sessions before launching.
10:25:19 INFO  : Processor reset is completed for ps7_cortexa9_0
10:25:41 INFO  : ps7_cortexa9_0 Processor is in use. Please stop existing Run or Debug sessions before launching.
10:25:45 INFO  : Processor reset is completed for ps7_cortexa9_0
11:10:04 INFO  : FPGA configured successfully with bitstream "C:/Users/Wangsir/Documents/SOC/xup/lab6SoC/lab6SoC.sdk/system_wrapper_hw_platform_0/system_wrapper.bit"
11:10:49 INFO  : ps7_init is completed.
11:10:49 INFO  : ps7_post_config is completed.
11:10:49 INFO  : Processor reset is completed for ps7_cortexa9_0
11:13:09 INFO  : ps7_cortexa9_0 Processor is in use. Please stop existing Run or Debug sessions before launching.
11:13:12 INFO  : Processor reset is completed for ps7_cortexa9_0
11:13:53 INFO  : FPGA Cable Disconnected. All active launches will be terminated.
11:19:16 ERROR : Unexpected error while parsing XMD response ?: com.google.gson.JsonSyntaxException: com.google.gson.stream.MalformedJsonException: invalid number or unquoted string near 
11:30:36 INFO  : Processing command line option -hwspec C:/Users/Wangsir/Documents/SOC/xup/lab6SoC/lab6SoC.sdk/system_wrapper.hdf.
11:30:38 WARN  : Unable to obtain port 2450 for use by XSDB Server, java.net.SocketException: Unrecognized Windows Sockets error: 0: JVM_Bind
11:30:39 INFO  : Checking for hwspec changes in the project system_wrapper_hw_platform_1.
11:30:39 INFO  : Launching XSDB server: xsdb.bat -s C:/Xilinx/SDK/2014.4/scripts/xsdb/xsdb/xsdb-server.tcl 2457
11:51:49 INFO  : Inferring section assignments and sizes from elf file: C:\Users\Wangsir\Documents\SOC\xup\lab6SoC\lab6SoC.sdk\lab6SoC\Debug\lab6SoC.elf
