#-----------------------------------------------------------
# Webtalk v2014.4 (64-bit)
# SW Build 1071353 on Tue Nov 18 17:18:21 MST 2014
# 
# Start of session at: Wed Mar 22 09:59:50 2017
# Process ID: 14420
# Log file: C:/Users/Wangsir/Documents/SOC/xup/lab6SoC/lab6SoC.sdk/webtalk/webtalk.log
# Journal file: C:/Users/Wangsir/Documents/SOC/xup/lab6SoC/lab6SoC.sdk/webtalk\webtalk.jou
#-----------------------------------------------------------
WARNING: [Common 17-204] Your XILINX environment variable is undefined. You will not be able to run Synthesis and Implementation using ISE based strategies, or import ngc netlists. Please set up your XILINX environment to get full functionality.
source sdk_webtalk.tcl
# webtalk_init -webtalk_dir C:\\Users\\Wangsir\\Documents\\SOC\\xup\\lab6SoC\\lab6SoC.sdk\\webtalk
# webtalk_register_client -client project
# webtalk_add_data -client project -key date_generated -value "星期三 三月 22 09:59:48 2017" -context "software_version_and_target_device"
# webtalk_add_data -client project -key product_version -value "SDK v2014.4" -context "software_version_and_target_device"
# webtalk_add_data -client project -key build_version -value "2014.4" -context "software_version_and_target_device"
# webtalk_add_data -client project -key os_platform -value "amd64" -context "software_version_and_target_device"
# webtalk_add_data -client project -key registration_id -value "211278044_0_0_104" -context "software_version_and_target_device"
# webtalk_add_data -client project -key tool_flow -value "SDK" -context "software_version_and_target_device"
# webtalk_add_data -client project -key beta -value "false" -context "software_version_and_target_device"
# webtalk_add_data -client project -key route_design -value "NA" -context "software_version_and_target_device"
# webtalk_add_data -client project -key target_family -value "NA" -context "software_version_and_target_device"
# webtalk_add_data -client project -key target_device -value "NA" -context "software_version_and_target_device"
# webtalk_add_data -client project -key target_package -value "NA" -context "software_version_and_target_device"
# webtalk_add_data -client project -key target_speed -value "NA" -context "software_version_and_target_device"
# webtalk_add_data -client project -key random_id -value "hn84j3c6af3bmjetsigra32c79" -context "software_version_and_target_device"
# webtalk_add_data -client project -key project_id -value "2014.4_7" -context "software_version_and_target_device"
# webtalk_add_data -client project -key project_iteration -value "7" -context "software_version_and_target_device"
# webtalk_add_data -client project -key os_name -value "Microsoft Windows 8 or later , 64-bit" -context "user_environment"
# webtalk_add_data -client project -key os_release -value "major release  (build 9200)" -context "user_environment"
# webtalk_add_data -client project -key cpu_name -value "Intel(R) Core(TM) m3-6Y30 CPU @ 0.90GHz" -context "user_environment"
# webtalk_add_data -client project -key cpu_speed -value "1512 MHz" -context "user_environment"
# webtalk_add_data -client project -key total_processors -value "1" -context "user_environment"
# webtalk_add_data -client project -key system_ram -value "4.000 GB" -context "user_environment"
# webtalk_register_client -client sdk
# webtalk_add_data -client sdk -key uid -value "1490147867755" -context "sdk\\\\hardware/1490147867755"
# webtalk_add_data -client sdk -key isZynq -value "true" -context "sdk\\\\hardware/1490147867755"
# webtalk_add_data -client sdk -key Processors -value "2" -context "sdk\\\\hardware/1490147867755"
# webtalk_add_data -client sdk -key VivadoVersion -value "2014.4" -context "sdk\\\\hardware/1490147867755"
# webtalk_add_data -client sdk -key Arch -value "zynq" -context "sdk\\\\hardware/1490147867755"
# webtalk_add_data -client sdk -key Device -value "7z010" -context "sdk\\\\hardware/1490147867755"
# webtalk_add_data -client sdk -key IsHandoff -value "true" -context "sdk\\\\hardware/1490147867755"
# webtalk_transmit -clientid 1801844516 -regid "211278044_0_0_104" -xml C:\\Users\\Wangsir\\Documents\\SOC\\xup\\lab6SoC\\lab6SoC.sdk\\webtalk\\usage_statistics_ext_sdk.xml -html C:\\Users\\Wangsir\\Documents\\SOC\\xup\\lab6SoC\\lab6SoC.sdk\\webtalk\\usage_statistics_ext_sdk.html -wdm C:\\Users\\Wangsir\\Documents\\SOC\\xup\\lab6SoC\\lab6SoC.sdk\\webtalk\\sdk_webtalk.wdm -intro "<H3>SDK Usage Report</H3><BR>"

    while executing
"webtalk_transmit -clientid 1801844516 -regid "211278044_0_0_104" -xml C:\\Users\\Wangsir\\Documents\\SOC\\xup\\lab6SoC\\lab6SoC.sdk\\webtalk\\usage_st..."
    (file "sdk_webtalk.tcl" line 32)
INFO: [Common 17-206] Exiting Webtalk at Wed Mar 22 09:59:59 2017...
