Copyright 1986-2014 Xilinx, Inc. All Rights Reserved.
---------------------------------------------------------------------------------------------------------------------------
| Tool Version     : Vivado v.2014.4 (win64) Build 1071353 Tue Nov 18 18:29:27 MST 2014
| Date             : Thu Apr 06 09:49:10 2017
| Host             : Alexia running 64-bit major release  (build 9200)
| Command          : report_power -file system_wrapper_power_routed.rpt -pb system_wrapper_power_summary_routed.pb
| Design           : system_wrapper
| Device           : xc7z010clg400-1
| Design State     : Routed
| Grade            : commercial
| Process          : typical
| Characterization : Production
---------------------------------------------------------------------------------------------------------------------------

Power Report

Table of Contents
-----------------
1. Summary
1.1 On-Chip Components
1.2 Power Supply Summary
1.3 Confidence Level
2. Settings
2.1 Environment
2.2 Clock Constraints
3. Detailed Reports
3.1 By Hierarchy

1. Summary
----------

+--------------------------+-------+
| Total On-Chip Power (W)  | 1.791 |
| Dynamic (W)              | 1.655 |
| Device Static (W)        | 0.135 |
| Effective TJA (C/W)      | 11.5  |
| Max Ambient (C)          | 64.3  |
| Junction Temperature (C) | 45.7  |
| Confidence Level         | Low   |
| Setting File             | ---   |
| Simulation Activity File | ---   |
| Design Nets Matched      | NA    |
+--------------------------+-------+


1.1 On-Chip Components
----------------------

+--------------------------+-----------+----------+-----------+-----------------+
| On-Chip                  | Power (W) | Used     | Available | Utilization (%) |
+--------------------------+-----------+----------+-----------+-----------------+
| Clocks                   |     0.016 |        6 |       --- |             --- |
| Slice Logic              |     0.004 |     6333 |       --- |             --- |
|   LUT as Logic           |     0.004 |     2154 |     17600 |           12.23 |
|   CARRY4                 |    <0.001 |       79 |      4400 |            1.79 |
|   Register               |    <0.001 |     2902 |     35200 |            8.24 |
|   F7/F8 Muxes            |    <0.001 |       43 |     17600 |            0.24 |
|   LUT as Shift Register  |    <0.001 |      127 |      6000 |            2.11 |
|   Others                 |     0.000 |      357 |       --- |             --- |
|   LUT as Distributed RAM |     0.000 |        2 |      6000 |            0.03 |
| Signals                  |     0.005 |     4450 |       --- |             --- |
| Block RAM                |     0.004 |        3 |        60 |            5.00 |
| MMCM                     |     0.106 |        1 |         2 |           50.00 |
| I/O                      |     0.005 |       18 |       100 |           18.00 |
| PS7                      |     1.516 |        1 |       --- |             --- |
| Static Power             |     0.135 |          |           |                 |
| Total                    |     1.791 |          |           |                 |
+--------------------------+-----------+----------+-----------+-----------------+


1.2 Power Supply Summary
------------------------

+-----------+-------------+-----------+-------------+------------+
| Source    | Voltage (V) | Total (A) | Dynamic (A) | Static (A) |
+-----------+-------------+-----------+-------------+------------+
| Vccint    |       1.000 |     0.037 |       0.029 |      0.007 |
| Vccaux    |       1.800 |     0.071 |       0.059 |      0.012 |
| Vcco33    |       3.300 |     0.002 |       0.001 |      0.001 |
| Vcco25    |       2.500 |     0.000 |       0.000 |      0.000 |
| Vcco18    |       1.800 |     0.001 |       0.000 |      0.001 |
| Vcco15    |       1.500 |     0.001 |       0.000 |      0.001 |
| Vcco135   |       1.350 |     0.000 |       0.000 |      0.000 |
| Vcco12    |       1.200 |     0.000 |       0.000 |      0.000 |
| Vccaux_io |       1.800 |     0.000 |       0.000 |      0.000 |
| Vccbram   |       1.000 |     0.001 |       0.000 |      0.001 |
| MGTAVcc   |       1.000 |     0.000 |       0.000 |      0.000 |
| MGTAVtt   |       1.200 |     0.000 |       0.000 |      0.000 |
| MGTVccaux |       1.800 |     0.000 |       0.000 |      0.000 |
| Vccpint   |       1.000 |     0.742 |       0.711 |      0.031 |
| Vccpaux   |       1.800 |     0.060 |       0.050 |      0.010 |
| Vccpll    |       1.800 |     0.017 |       0.014 |      0.003 |
| Vcco_ddr  |       1.500 |     0.458 |       0.456 |      0.002 |
| Vcco_mio0 |       3.300 |     0.003 |       0.002 |      0.001 |
| Vcco_mio1 |       1.800 |     0.001 |       0.000 |      0.001 |
| Vccadc    |       1.800 |     0.020 |       0.000 |      0.020 |
+-----------+-------------+-----------+-------------+------------+


1.3 Confidence Level
--------------------

+-----------------------------+------------+--------------------------------------------------------+------------------------------------------------------------------------------------------------------------+
| User Input Data             | Confidence | Details                                                | Action                                                                                                     |
+-----------------------------+------------+--------------------------------------------------------+------------------------------------------------------------------------------------------------------------+
| Design implementation state | High       | Design is routed                                       |                                                                                                            |
| Clock nodes activity        | High       | User specified more than 95% of clocks                 |                                                                                                            |
| I/O nodes activity          | Low        | More than 75% of inputs are missing user specification | Provide missing input activity with simulation results or by editing the "By Resource Type -> I/Os" view   |
| Internal nodes activity     | Medium     | User specified less than 25% of internal nodes         | Provide missing internal nodes activity with simulation results or by editing the "By Resource Type" views |
| Device models               | High       | Device models are Production                           |                                                                                                            |
|                             |            |                                                        |                                                                                                            |
| Overall confidence level    | Low        |                                                        |                                                                                                            |
+-----------------------------+------------+--------------------------------------------------------+------------------------------------------------------------------------------------------------------------+


2. Settings
-----------

2.1 Environment
---------------

+-----------------------+------------------------+
| Ambient Temp (C)      | 25.0                   |
| ThetaJA (C/W)         | 11.5                   |
| Airflow (LFM)         | 250                    |
| Heat Sink             | none                   |
| ThetaSA (C/W)         | 0.0                    |
| Board Selection       | medium (10"x10")       |
| # of Board Layers     | 8to11 (8 to 11 Layers) |
| Board Temperature (C) | 25.0                   |
+-----------------------+------------------------+


2.2 Clock Constraints
---------------------

+------------+----------------------------------------------------------------------------+-----------------+
| Clock      | Domain                                                                     | Constraint (ns) |
+------------+----------------------------------------------------------------------------+-----------------+
| CLKFBOUT_O | system_i/axi_dispctrl_0/inst/DONT_USE_BUFR_DIV5.Inst_mmcme2_drp/CLKFBOUT_O |            10.0 |
| PXL_CLK    | system_i/axi_dispctrl_0/inst/DONT_USE_BUFR_DIV5.Inst_mmcme2_drp/PXL_CLK    |            10.0 |
| clk_fpga_0 | system_i/processing_system7_0/inst/FCLK_CLK_unbuffered[0]                  |            10.0 |
| clk_fpga_1 | system_i/processing_system7_0/inst/FCLK_CLK_unbuffered[1]                  |             6.7 |
+------------+----------------------------------------------------------------------------+-----------------+


3. Detailed Reports
-------------------

3.1 By Hierarchy
----------------

+---------------------------------------------------------------------------------------------+-----------+
| Name                                                                                        | Power (W) |
+---------------------------------------------------------------------------------------------+-----------+
| system_wrapper                                                                              |     1.655 |
|   system_i                                                                                  |     1.651 |
|     axi_dispctrl_0                                                                          |     0.112 |
|       inst                                                                                  |     0.112 |
|         DONT_USE_BUFR_DIV5.Inst_mmcme2_drp                                                  |     0.106 |
|         Inst_vdma_to_vga                                                                    |     0.002 |
|         axi_dispctrl_v1_0_S_AXI_inst                                                        |     0.003 |
|     axi_mem_intercon                                                                        |     0.001 |
|       s00_couplers                                                                          |     0.001 |
|         auto_pc                                                                             |     0.001 |
|           inst                                                                              |     0.001 |
|             gen_axi4_axi3.axi3_conv_inst                                                    |     0.001 |
|               USE_READ.USE_SPLIT_R.read_addr_inst                                           |     0.001 |
|                 USE_R_CHANNEL.cmd_queue                                                     |    <0.001 |
|                   inst                                                                      |    <0.001 |
|                     fifo_gen_inst                                                           |    <0.001 |
|                       inst_fifo_gen                                                         |    <0.001 |
|                         gconvfifo.rf                                                        |    <0.001 |
|                           grf.rf                                                            |    <0.001 |
|                             gntv_or_sync_fifo.gl0.rd                                        |    <0.001 |
|                               gr1.rfwft                                                     |    <0.001 |
|                               grss.rsts                                                     |    <0.001 |
|                               rpntr                                                         |    <0.001 |
|                             gntv_or_sync_fifo.gl0.wr                                        |    <0.001 |
|                               gwss.wsts                                                     |    <0.001 |
|                               wpntr                                                         |    <0.001 |
|                             gntv_or_sync_fifo.mem                                           |    <0.001 |
|                               gdm.dm                                                        |    <0.001 |
|                                 RAM_reg_0_31_0_0                                            |    <0.001 |
|                             rstblk                                                          |    <0.001 |
|     axi_vdma_0                                                                              |     0.015 |
|       U0                                                                                    |     0.015 |
|         AXI_LITE_REG_INTERFACE_I                                                            |     0.002 |
|           GEN_AXI_LITE_IF.AXI_LITE_IF_I                                                     |     0.002 |
|             GEN_LITE_IS_ASYNC.GEN_MM2S_ONLY_ASYNC_LITE_ACCESS.LITE_WVALID_MM2S_CDC_I        |    <0.001 |
|         GEN_SPRT_FOR_MM2S.I_MM2S_DMA_MNGR                                                   |     0.002 |
|           I_CMDSTS                                                                          |    <0.001 |
|           I_SM                                                                              |    <0.001 |
|           I_STS_MNGR                                                                        |    <0.001 |
|           VIDEO_GENLOCK_I                                                                   |    <0.001 |
|             GENLOCK_FOR_SLAVE.GENLOCK_MUX_I                                                 |     0.000 |
|           VIDEO_REG_I                                                                       |    <0.001 |
|             GEN_REGISTER_DIRECT.GEN_REGDIRECT_DRES.VIDREGISTER_I                            |    <0.001 |
|         GEN_SPRT_FOR_MM2S.MM2S_FSYNC_I                                                      |    <0.001 |
|         GEN_SPRT_FOR_MM2S.MM2S_LINEBUFFER_I                                                 |     0.002 |
|           GEN_LINEBUF_FLUSH_SOF.GEN_FOR_ASYNC.ALL_LINES_XFRED_P_S_CDC_I                     |    <0.001 |
|           GEN_LINEBUF_FLUSH_SOF.GEN_FOR_ASYNC.HALT_CDC_I                                    |    <0.001 |
|           GEN_LINEBUF_FLUSH_SOF.GEN_FOR_ASYNC.MM2S_FSIZE_ERR_CDC_I                          |    <0.001 |
|           GEN_LINEBUF_FLUSH_SOF.GEN_FOR_ASYNC.MM2S_FSYNC_OUT_CDC_I_FLUSH_SOF                |    <0.001 |
|           GEN_LINEBUF_FLUSH_SOF.GEN_FOR_ASYNC.MM2S_RUN_STOP_CDC_I                           |    <0.001 |
|           GEN_LINEBUF_FLUSH_SOF.GEN_FOR_ASYNC.SHUTDOWN_RST_CDC_I                            |    <0.001 |
|           GEN_LINEBUF_FLUSH_SOF.GEN_LINEBUFFER.GEN_ASYNC_FIFO.LB_BUILT_IN.I_LINEBUFFER_FIFO |    <0.001 |
|             fg_builtin_fifo_inst                                                            |    <0.001 |
|               inst_fifo_gen                                                                 |    <0.001 |
|                 gconvfifo.rf                                                                |    <0.001 |
|                   gbi.bi                                                                    |    <0.001 |
|                     g7ser_birst.rstbt                                                       |    <0.001 |
|                     v7_bi_fifo.fblk                                                         |    <0.001 |
|                       gextw[1].gnll_fifo.inst_extd                                          |    <0.001 |
|                         gonep.inst_prim                                                     |    <0.001 |
|                       gextw[2].gnll_fifo.inst_extd                                          |    <0.001 |
|                         gonep.inst_prim                                                     |    <0.001 |
|           GEN_LINEBUF_FLUSH_SOF.GEN_LINEBUFFER.I_MSTR_SKID                                  |    <0.001 |
|         GEN_SPRT_FOR_MM2S.MM2S_REGISTER_MODULE_I                                            |     0.001 |
|           GEN_REG_DIRECT_MODE.REGDIRECT_I                                                   |    <0.001 |
|           I_DMA_REGISTER                                                                    |    <0.001 |
|           LITE_READ_MUX_I                                                                   |     0.000 |
|         GEN_SPRT_FOR_MM2S.MM2S_SOF_I                                                        |    <0.001 |
|         GEN_SPRT_FOR_MM2S.MM2S_VID_CDC_I                                                    |    <0.001 |
|           GEN_CDC_FOR_ASYNC.FSYNC_IN_CDC_I                                                  |    <0.001 |
|           GEN_CDC_FOR_ASYNC.FSYNC_OUT_CDC_I                                                 |    <0.001 |
|           GEN_CDC_FOR_ASYNC.SOF_CDC_I                                                       |    <0.001 |
|         I_AXI_DMA_INTRPT                                                                    |    <0.001 |
|         I_PRMRY_DATAMOVER                                                                   |     0.007 |
|           GEN_MM2S_FULL.I_MM2S_FULL_WRAPPER                                                 |     0.007 |
|             GEN_INCLUDE_MM2S_SF.I_RD_SF                                                     |     0.005 |
|               I_DATA_FIFO                                                                   |     0.004 |
|                 BLK_MEM.I_SYNC_FIFOGEN_FIFO                                                 |     0.004 |
|                   FAMILY_SUPPORTED.I_SYNC_FIFO_BRAM                                         |     0.004 |
|                     inst_fifo_gen                                                           |     0.004 |
|                       gconvfifo.rf                                                          |     0.004 |
|                         grf.rf                                                              |     0.004 |
|                           gntv_or_sync_fifo.gl0.rd                                          |    <0.001 |
|                             gr1.rfwft                                                       |    <0.001 |
|                             grss.gdc.dc                                                     |    <0.001 |
|                               gsym_dc.dc                                                    |    <0.001 |
|                             grss.rsts                                                       |    <0.001 |
|                             rpntr                                                           |    <0.001 |
|                           gntv_or_sync_fifo.gl0.wr                                          |    <0.001 |
|                             gwss.wsts                                                       |    <0.001 |
|                             wpntr                                                           |    <0.001 |
|                           gntv_or_sync_fifo.mem                                             |     0.004 |
|                             gbm.gbmg.gbmgb.ngecc.bmg                                        |     0.004 |
|                               inst_blk_mem_gen                                              |     0.004 |
|                                 gnativebmg.native_blk_mem_gen                               |     0.004 |
|                                   valid.cstr                                                |     0.004 |
|                                     ramloop[0].ram.r                                        |     0.004 |
|                                       prim_noinit.ram                                       |     0.004 |
|               OMIT_DRE_CNTL.I_DRE_CNTL_FIFO                                                 |    <0.001 |
|                 USE_SRL_FIFO.I_SYNC_FIFO                                                    |    <0.001 |
|                   I_SRL_FIFO_RBU_F                                                          |    <0.001 |
|                     CNTR_INCR_DECR_ADDN_F_I                                                 |    <0.001 |
|                     DYNSHREG_F_I                                                            |    <0.001 |
|             I_ADDR_CNTL                                                                     |    <0.001 |
|               GEN_ADDR_FIFO.I_ADDR_QUAL_FIFO                                                |    <0.001 |
|                 USE_SRL_FIFO.I_SYNC_FIFO                                                    |    <0.001 |
|                   I_SRL_FIFO_RBU_F                                                          |    <0.001 |
|                     CNTR_INCR_DECR_ADDN_F_I                                                 |    <0.001 |
|                     DYNSHREG_F_I                                                            |    <0.001 |
|             I_CMD_STATUS                                                                    |    <0.001 |
|               GEN_INCLUDE_STATUS_FIFO.I_STS_FIFO                                            |    <0.001 |
|                 USE_SRL_FIFO.I_SYNC_FIFO                                                    |    <0.001 |
|                   I_SRL_FIFO_RBU_F                                                          |    <0.001 |
|                     CNTR_INCR_DECR_ADDN_F_I                                                 |    <0.001 |
|                     DYNSHREG_F_I                                                            |    <0.001 |
|               I_CMD_FIFO                                                                    |    <0.001 |
|                 USE_SRL_FIFO.I_SYNC_FIFO                                                    |    <0.001 |
|                   I_SRL_FIFO_RBU_F                                                          |    <0.001 |
|                     CNTR_INCR_DECR_ADDN_F_I                                                 |    <0.001 |
|                     DYNSHREG_F_I                                                            |    <0.001 |
|             I_MSTR_PCC                                                                      |     0.001 |
|             I_RD_DATA_CNTL                                                                  |    <0.001 |
|               GEN_DATA_CNTL_FIFO.I_DATA_CNTL_FIFO                                           |    <0.001 |
|                 USE_SRL_FIFO.I_SYNC_FIFO                                                    |    <0.001 |
|                   I_SRL_FIFO_RBU_F                                                          |    <0.001 |
|                     CNTR_INCR_DECR_ADDN_F_I                                                 |    <0.001 |
|                     DYNSHREG_F_I                                                            |    <0.001 |
|             I_RD_STATUS_CNTLR                                                               |    <0.001 |
|             I_RESET                                                                         |    <0.001 |
|         I_RST_MODULE                                                                        |    <0.001 |
|           GEN_RESET_FOR_MM2S.RESET_I                                                        |    <0.001 |
|             GEN_MIN_FOR_ASYNC.AXIS_CLR_CDC_I                                                |    <0.001 |
|             GEN_MIN_FOR_ASYNC.AXIS_IDLE_CDC_I                                               |    <0.001 |
|             GEN_MIN_FOR_ASYNC.AXIS_MIN_CDC_I                                                |    <0.001 |
|             GEN_MIN_FOR_ASYNC.AXIS_RESET_CDC_I                                              |    <0.001 |
|             GEN_MIN_FOR_ASYNC.LITE_CLR_CDC_I                                                |    <0.001 |
|             GEN_MIN_FOR_ASYNC.LITE_IDLE_CDC_I                                               |    <0.001 |
|             GEN_MIN_FOR_ASYNC.LITE_MIN_CDC_I                                                |    <0.001 |
|             GEN_MIN_FOR_ASYNC.LITE_RESET_CDC_I                                              |    <0.001 |
|             GEN_RESET_FOR_ASYNC.AXIS_RESET_CDC_I                                            |    <0.001 |
|             GEN_RESET_FOR_ASYNC.HARD_RESET_CDC_I                                            |    <0.001 |
|     processing_system7_0                                                                    |     1.517 |
|       inst                                                                                  |     1.517 |
|     processing_system7_0_axi_periph                                                         |     0.006 |
|       s00_couplers                                                                          |     0.005 |
|         auto_pc                                                                             |     0.005 |
|           inst                                                                              |     0.005 |
|             gen_axilite.gen_b2s_conv.axilite_b2s                                            |     0.005 |
|               RD.ar_channel_0                                                               |    <0.001 |
|                 ar_cmd_fsm_0                                                                |    <0.001 |
|                 cmd_translator_0                                                            |    <0.001 |
|                   incr_cmd_0                                                                |    <0.001 |
|                   wrap_cmd_0                                                                |    <0.001 |
|               RD.r_channel_0                                                                |     0.001 |
|                 rd_data_fifo_0                                                              |    <0.001 |
|                 transaction_fifo_0                                                          |    <0.001 |
|               SI_REG                                                                        |     0.002 |
|                 ar_pipe                                                                     |    <0.001 |
|                 aw_pipe                                                                     |    <0.001 |
|                 b_pipe                                                                      |    <0.001 |
|                 r_pipe                                                                      |    <0.001 |
|               WR.aw_channel_0                                                               |    <0.001 |
|                 aw_cmd_fsm_0                                                                |    <0.001 |
|                 cmd_translator_0                                                            |    <0.001 |
|                   incr_cmd_0                                                                |    <0.001 |
|                   wrap_cmd_0                                                                |    <0.001 |
|               WR.b_channel_0                                                                |    <0.001 |
|                 bid_fifo_0                                                                  |    <0.001 |
|                 bresp_fifo_0                                                                |    <0.001 |
|       xbar                                                                                  |    <0.001 |
|         inst                                                                                |    <0.001 |
|           gen_sasd.crossbar_sasd_0                                                          |    <0.001 |
|             addr_arbiter_inst                                                               |    <0.001 |
|             gen_decerr.decerr_slave_inst                                                    |    <0.001 |
|             reg_slice_r                                                                     |    <0.001 |
|             splitter_ar                                                                     |    <0.001 |
|             splitter_aw                                                                     |    <0.001 |
+---------------------------------------------------------------------------------------------+-----------+


