Copyright 1986-2014 Xilinx, Inc. All Rights Reserved.
--------------------------------------------------------------------------------------------
| Tool Version : Vivado v.2014.4 (win64) Build 1071353 Tue Nov 18 18:29:27 MST 2014
| Date         : Thu Apr 06 09:48:18 2017
| Host         : Alexia running 64-bit major release  (build 9200)
| Command      : report_clock_utilization -file system_wrapper_clock_utilization_placed.rpt
| Design       : system_wrapper
| Device       : xc7z010
--------------------------------------------------------------------------------------------

Clock Utilization Report

Table of Contents
-----------------
1. Clock Primitive Utilization
2. Details of Global Clocks
3. Details of Regional Clocks
4. Details of Multi-Regional Clocks
5. Details of I/O Clocks
6. Details of Local Clocks
7. Clock Regions : Key Resource Utilization
8. Net wise resources used in clock region X0Y0
9. Net wise resources used in clock region X1Y0
10. Net wise resources used in clock region X0Y1

1. Clock Primitive Utilization
------------------------------

+-------+------+-----------+-----------+
| Type  | Used | Available | Num Fixed |
+-------+------+-----------+-----------+
| BUFG  |    3 |        32 |         0 |
| BUFH  |    0 |        48 |         0 |
| BUFIO |    0 |         8 |         0 |
| MMCM  |    1 |         2 |         0 |
| PLL   |    0 |         2 |         0 |
| BUFR  |    0 |         8 |         0 |
| BUFMR |    0 |         4 |         0 |
+-------+------+-----------+-----------+


2. Details of Global Clocks
---------------------------

+-------+----------------------------------------------------------------------+----------------------------------------------+--------------+-------+---------------+-----------+
|       |                                                                      |                                              |   Num Loads  |       |               |           |
+-------+----------------------------------------------------------------------+----------------------------------------------+------+-------+-------+---------------+-----------+
| Index | BUFG Cell                                                            | Net Name                                     | BELs | Sites | Fixed | MaxDelay (ns) | Skew (ns) |
+-------+----------------------------------------------------------------------+----------------------------------------------+------+-------+-------+---------------+-----------+
|     1 | system_i/axi_dispctrl_0/inst/DONT_USE_BUFR_DIV5.BUFG_inst            | system_i/axi_dispctrl_0/inst/PXL_CLK_O       |  308 |   106 |    no |         1.883 |     0.258 |
|     2 | system_i/processing_system7_0/inst/buffer_fclk_clk_1.FCLK_CLK_1_BUFG | system_i/processing_system7_0/inst/FCLK_CLK1 | 1357 |   359 |    no |         1.888 |     0.256 |
|     3 | system_i/processing_system7_0/inst/buffer_fclk_clk_0.FCLK_CLK_0_BUFG | system_i/processing_system7_0/inst/FCLK_CLK0 | 1430 |   363 |    no |         1.914 |     0.252 |
+-------+----------------------------------------------------------------------+----------------------------------------------+------+-------+-------+---------------+-----------+


+-------+-------------------------------------------------------------------------------+----------------------------------------------------------------------------+--------------+-------+---------------+-----------+
|       |                                                                               |                                                                            |   Num Loads  |       |               |           |
+-------+-------------------------------------------------------------------------------+----------------------------------------------------------------------------+------+-------+-------+---------------+-----------+
| Index | MMCM Cell                                                                     | Net Name                                                                   | BELs | Sites | Fixed | MaxDelay (ns) | Skew (ns) |
+-------+-------------------------------------------------------------------------------+----------------------------------------------------------------------------+------+-------+-------+---------------+-----------+
|     1 | system_i/axi_dispctrl_0/inst/DONT_USE_BUFR_DIV5.Inst_mmcme2_drp/mmcm_adv_inst | system_i/axi_dispctrl_0/inst/DONT_USE_BUFR_DIV5.Inst_mmcme2_drp/CLKFBOUT_O |    1 |     1 |    no |         0.014 |     0.001 |
|     2 | system_i/axi_dispctrl_0/inst/DONT_USE_BUFR_DIV5.Inst_mmcme2_drp/mmcm_adv_inst | system_i/axi_dispctrl_0/inst/DONT_USE_BUFR_DIV5.Inst_mmcme2_drp/PXL_CLK    |    1 |     1 |    no |         1.760 |     0.088 |
+-------+-------------------------------------------------------------------------------+----------------------------------------------------------------------------+------+-------+-------+---------------+-----------+


3. Details of Regional Clocks
-----------------------------

4. Details of Multi-Regional Clocks
-----------------------------------

5. Details of I/O Clocks
------------------------

6. Details of Local Clocks
--------------------------

7. Clock Regions : Key Resource Utilization
-------------------------------------------

+-------------------+--------------+--------------+--------------+--------------+--------------+--------------+--------------+--------------+--------------+--------------+--------------+--------------+--------------+--------------+--------------+
|                   | Global Clock |     BUFRs    |    BUFMRs    |    BUFIOs    |     MMCM     |      PLL     |      GT      |      PCI     |    ILOGIC    |    OLOGIC    |      FF      |     LUTM     |    RAMB18    |    RAMB36    |    DSP48E1   |
+-------------------+------+-------+------+-------+------+-------+------+-------+------+-------+------+-------+------+-------+------+-------+------+-------+------+-------+------+-------+------+-------+------+-------+------+-------+------+-------+
| Clock Region Name | Used | Avail | Used | Avail | Used | Avail | Used | Avail | Used | Avail | Used | Avail | Used | Avail | Used | Avail | Used | Avail | Used | Avail | Used | Avail | Used | Avail | Used | Avail | Used | Avail | Used | Avail |
+-------------------+------+-------+------+-------+------+-------+------+-------+------+-------+------+-------+------+-------+------+-------+------+-------+------+-------+------+-------+------+-------+------+-------+------+-------+------+-------+
| X0Y0              |    3 |    12 |    0 |     0 |    0 |     0 |    0 |     0 |    0 |     0 |    0 |     0 |    0 |     0 |    0 |     0 |    0 |     0 |    0 |     0 | 2496 |  8800 |  163 |  1600 |    0 |    20 |    2 |    10 |    0 |    20 |
| X1Y0              |    3 |    12 |    0 |     4 |    0 |     2 |    0 |     4 |    1 |     1 |    0 |     1 |    0 |     0 |    0 |     0 |    0 |    50 |    0 |    50 |  219 |  8800 |    0 |  1400 |    0 |    40 |    1 |    20 |    0 |    20 |
| X0Y1              |    2 |    12 |    0 |     0 |    0 |     0 |    0 |     0 |    0 |     0 |    0 |     0 |    0 |     0 |    0 |     0 |    0 |     0 |    0 |     0 |  187 |  8800 |   22 |  1600 |    0 |    20 |    0 |    10 |    0 |    20 |
| X1Y1              |    0 |    12 |    0 |     4 |    0 |     2 |    0 |     4 |    0 |     1 |    0 |     1 |    0 |     0 |    0 |     0 |    0 |    50 |    0 |    50 |    0 |  8800 |    0 |  1400 |    0 |    40 |    0 |    20 |    0 |    20 |
+-------------------+------+-------+------+-------+------+-------+------+-------+------+-------+------+-------+------+-------+------+-------+------+-------+------+-------+------+-------+------+-------+------+-------+------+-------+------+-------+
* RAMB36 site can be used as two RAMB18/FIFO18 sites


8. Net wise resources used in clock region X0Y0
-----------------------------------------------

+-------------+-------------+-------+-----------+----------+---------+-----------+---------+---------+------+-------+----------+----------------------------------------------+
| Source Type | BUFHCE Site | Fixed | MMCM Pins | PLL Pins | GT Pins | BRAM Pins | ILOGICs | OLOGICs |  FFs | LUTMs | DSP48E1s |                Clock Net Name                |
+-------------+-------------+-------+-----------+----------+---------+-----------+---------+---------+------+-------+----------+----------------------------------------------+
| BUFG        |     ---     |   no  |         0 |        0 |       0 |         1 |       0 |       0 |  249 |     0 |        0 | system_i/axi_dispctrl_0/inst/PXL_CLK_O       |
| BUFG        |     ---     |   no  |         0 |        0 |       0 |         0 |       0 |       0 | 1077 |    49 |        0 | system_i/processing_system7_0/inst/FCLK_CLK0 |
| BUFG        |     ---     |   no  |         0 |        0 |       0 |         3 |       0 |       0 | 1170 |   114 |        0 | system_i/processing_system7_0/inst/FCLK_CLK1 |
+-------------+-------------+-------+-----------+----------+---------+-----------+---------+---------+------+-------+----------+----------------------------------------------+


9. Net wise resources used in clock region X1Y0
-----------------------------------------------

+-------------+-------------+-------+-----------+----------+---------+-----------+---------+---------+-----+-------+----------+----------------------------------------------+
| Source Type | BUFHCE Site | Fixed | MMCM Pins | PLL Pins | GT Pins | BRAM Pins | ILOGICs | OLOGICs | FFs | LUTMs | DSP48E1s |                Clock Net Name                |
+-------------+-------------+-------+-----------+----------+---------+-----------+---------+---------+-----+-------+----------+----------------------------------------------+
| BUFG        |     ---     |   no  |         0 |        0 |       0 |         1 |       0 |       0 |  57 |     0 |        0 | system_i/axi_dispctrl_0/inst/PXL_CLK_O       |
| BUFG        |     ---     |   no  |         0 |        0 |       0 |         1 |       0 |       0 |  69 |     0 |        0 | system_i/processing_system7_0/inst/FCLK_CLK1 |
| BUFG        |     ---     |   no  |         2 |        0 |       0 |         0 |       0 |       0 |  93 |     0 |        0 | system_i/processing_system7_0/inst/FCLK_CLK0 |
+-------------+-------------+-------+-----------+----------+---------+-----------+---------+---------+-----+-------+----------+----------------------------------------------+


10. Net wise resources used in clock region X0Y1
------------------------------------------------

+-------------+-------------+-------+-----------+----------+---------+-----------+---------+---------+-----+-------+----------+----------------------------------------------+
| Source Type | BUFHCE Site | Fixed | MMCM Pins | PLL Pins | GT Pins | BRAM Pins | ILOGICs | OLOGICs | FFs | LUTMs | DSP48E1s |                Clock Net Name                |
+-------------+-------------+-------+-----------+----------+---------+-----------+---------+---------+-----+-------+----------+----------------------------------------------+
| BUFG        |     ---     |   no  |         0 |        0 |       0 |         0 |       0 |       0 |   0 |     0 |        0 | system_i/processing_system7_0/inst/FCLK_CLK1 |
| BUFG        |     ---     |   no  |         0 |        0 |       0 |         0 |       0 |       0 | 187 |    22 |        0 | system_i/processing_system7_0/inst/FCLK_CLK0 |
+-------------+-------------+-------+-----------+----------+---------+-----------+---------+---------+-----+-------+----------+----------------------------------------------+



# Location of BUFG Primitives 
set_property LOC BUFGCTRL_X0Y2 [get_cells system_i/axi_dispctrl_0/inst/DONT_USE_BUFR_DIV5.BUFG_inst]
set_property LOC BUFGCTRL_X0Y0 [get_cells system_i/processing_system7_0/inst/buffer_fclk_clk_0.FCLK_CLK_0_BUFG]
set_property LOC BUFGCTRL_X0Y1 [get_cells system_i/processing_system7_0/inst/buffer_fclk_clk_1.FCLK_CLK_1_BUFG]

# Location of IO Clock Primitives

# Location of MMCM Clock Primitives
set_property LOC MMCME2_ADV_X0Y0 [get_cells system_i/axi_dispctrl_0/inst/DONT_USE_BUFR_DIV5.Inst_mmcme2_drp/mmcm_adv_inst]

# Location of BUFH Clock Primitives

# Location of BUFR Clock Primitives

# Location of BUFMR Clock Primitives

# Location of PLL Clock Primitives

# Location of IO Primitives which is load of clock spine

# Location of clock ports

# Clock net "system_i/axi_dispctrl_0/inst/PXL_CLK_O" driven by instance "system_i/axi_dispctrl_0/inst/DONT_USE_BUFR_DIV5.BUFG_inst" located at site "BUFGCTRL_X0Y2"
#startgroup
create_pblock CLKAG_system_i/axi_dispctrl_0/inst/PXL_CLK_O
add_cells_to_pblock [get_pblocks  CLKAG_system_i/axi_dispctrl_0/inst/PXL_CLK_O] [get_cells  -filter { IS_PRIMITIVE==1 && PRIMITIVE_LEVEL !=INTERNAL } -of_object [get_pins -filter {DIRECTION==IN} -of_objects [get_nets -hierarchical -filter {PARENT=="system_i/axi_dispctrl_0/inst/PXL_CLK_O"}]]]
resize_pblock [get_pblocks CLKAG_system_i/axi_dispctrl_0/inst/PXL_CLK_O] -add {CLOCKREGION_X0Y0:CLOCKREGION_X0Y0 CLOCKREGION_X0Y1:CLOCKREGION_X0Y1 CLOCKREGION_X1Y0:CLOCKREGION_X1Y0 CLOCKREGION_X1Y1:CLOCKREGION_X1Y1}
#endgroup

# Clock net "system_i/processing_system7_0/inst/FCLK_CLK0" driven by instance "system_i/processing_system7_0/inst/buffer_fclk_clk_0.FCLK_CLK_0_BUFG" located at site "BUFGCTRL_X0Y0"
#startgroup
create_pblock CLKAG_system_i/processing_system7_0/inst/FCLK_CLK0
add_cells_to_pblock [get_pblocks  CLKAG_system_i/processing_system7_0/inst/FCLK_CLK0] [get_cells  -filter { IS_PRIMITIVE==1 && PRIMITIVE_LEVEL !=INTERNAL && NAME!=system_i/axi_dispctrl_0/inst/DONT_USE_BUFR_DIV5.Inst_mmcme2_drp/mmcm_adv_inst} -of_object [get_pins -filter {DIRECTION==IN} -of_objects [get_nets -hierarchical -filter {PARENT=="system_i/processing_system7_0/inst/FCLK_CLK0"}]]]
resize_pblock [get_pblocks CLKAG_system_i/processing_system7_0/inst/FCLK_CLK0] -add {CLOCKREGION_X0Y0:CLOCKREGION_X0Y0 CLOCKREGION_X0Y1:CLOCKREGION_X0Y1 CLOCKREGION_X1Y0:CLOCKREGION_X1Y0 CLOCKREGION_X1Y1:CLOCKREGION_X1Y1}
#endgroup

# Clock net "system_i/processing_system7_0/inst/FCLK_CLK1" driven by instance "system_i/processing_system7_0/inst/buffer_fclk_clk_1.FCLK_CLK_1_BUFG" located at site "BUFGCTRL_X0Y1"
#startgroup
create_pblock CLKAG_system_i/processing_system7_0/inst/FCLK_CLK1
add_cells_to_pblock [get_pblocks  CLKAG_system_i/processing_system7_0/inst/FCLK_CLK1] [get_cells  -filter { IS_PRIMITIVE==1 && PRIMITIVE_LEVEL !=INTERNAL } -of_object [get_pins -filter {DIRECTION==IN} -of_objects [get_nets -hierarchical -filter {PARENT=="system_i/processing_system7_0/inst/FCLK_CLK1"}]]]
resize_pblock [get_pblocks CLKAG_system_i/processing_system7_0/inst/FCLK_CLK1] -add {CLOCKREGION_X0Y0:CLOCKREGION_X0Y0 CLOCKREGION_X0Y1:CLOCKREGION_X0Y1 CLOCKREGION_X1Y0:CLOCKREGION_X1Y0 CLOCKREGION_X1Y1:CLOCKREGION_X1Y1}
#endgroup
